<?xml version="1.0" encoding="UTF-8"?>
<testng-results skipped="0" failed="0" ignored="1" total="2" passed="1">
  <reporter-output>
  </reporter-output>
  <suite name="Default suite" duration-ms="544804" started-at="2020-04-12T14:30:55Z" finished-at="2020-04-12T14:40:00Z">
    <groups>
    </groups>
    <test name="Default test" duration-ms="544804" started-at="2020-04-12T14:30:55Z" finished-at="2020-04-12T14:40:00Z">
      <class name="testMaven.UnitTest">
        <test-method status="PASS" signature="Test2()[pri:0, instance:testMaven.UnitTest@765d7657]" name="Test2" duration-ms="544785" started-at="2020-04-12T17:30:55Z" finished-at="2020-04-12T17:40:00Z">
          <reporter-output>
          </reporter-output>
        </test-method> <!-- Test2 -->
      </class> <!-- testMaven.UnitTest -->
    </test> <!-- Default test -->
  </suite> <!-- Default suite -->
</testng-results>
