<?xml version="1.0" encoding="UTF-8"?>
<testng-results skipped="0" failed="0" ignored="0" total="1" passed="1">
  <reporter-output>
  </reporter-output>
  <suite name="Default suite" duration-ms="12309" started-at="2020-06-08T18:40:17Z" finished-at="2020-06-08T18:40:29Z">
    <groups>
    </groups>
    <test name="Default test" duration-ms="12309" started-at="2020-06-08T18:40:17Z" finished-at="2020-06-08T18:40:29Z">
      <class name="testMaven.RobotClass">
        <test-method status="PASS" signature="beforeMethod()[pri:0, instance:testMaven.RobotClass@6771beb3]" name="beforeMethod" is-config="true" duration-ms="11" started-at="2020-06-08T21:40:17Z" finished-at="2020-06-08T21:40:17Z">
          <reporter-output>
          </reporter-output>
        </test-method> <!-- beforeMethod -->
        <test-method status="PASS" signature="f()[pri:0, instance:testMaven.RobotClass@6771beb3]" name="f" duration-ms="12279" started-at="2020-06-08T21:40:17Z" finished-at="2020-06-08T21:40:29Z">
          <reporter-output>
          </reporter-output>
        </test-method> <!-- f -->
        <test-method status="PASS" signature="afterMethod()[pri:0, instance:testMaven.RobotClass@6771beb3]" name="afterMethod" is-config="true" duration-ms="1" started-at="2020-06-08T21:40:29Z" finished-at="2020-06-08T21:40:29Z">
          <reporter-output>
          </reporter-output>
        </test-method> <!-- afterMethod -->
      </class> <!-- testMaven.RobotClass -->
    </test> <!-- Default test -->
  </suite> <!-- Default suite -->
</testng-results>
